<?xml version="1.0" encoding="UTF-8"?>
<!-- Generated by org.testng.reporters.JUnitReportReporter -->
<testsuite hostname="LAPTOP-86FHJBDV" name="driverFactory.DriverScript" tests="1" failures="0" timestamp="22 Jun 2022 10:14:27 GMT" time="52.276" errors="0">
  <testcase name="startTest" time="52.276" classname="driverFactory.DriverScript"/>
</testsuite> <!-- driverFactory.DriverScript -->
